<?xml version="1.0" encoding="UTF-8"?>
<!-- Generated by org.testng.reporters.JUnitReportReporter -->
<testsuite skipped="0" hostname="VIJAY-PC" name="testc.TestAnot" tests="2" failures="0" timestamp="09 Feb 2022 03:47:44 GMT" time="0.008" errors="0">
  <testcase name="fun" time="0.006" classname="testc.TestAnot"/>
  <testcase name="funa" time="0.002" classname="testc.TestAnot"/>
</testsuite> <!-- testc.TestAnot -->
